<?xml version="1.0" encoding="UTF-8"?>
<!-- Generated by org.testng.reporters.JUnitReportReporter -->
<testsuite hostname="LAPTOP-TBO6R3J6" failures="0" tests="1" name="PostManBrokenLink" time="39.405" errors="0" timestamp="2024-10-02T20:04:54 IST" skipped="0">
  <testcase classname="PostManBrokenLink" name="Collecthref" time="39.405"/>
  <system-out/>
</testsuite> <!-- PostManBrokenLink -->
