<?xml version="1.0" encoding="UTF-8"?>
<!-- Generated by org.testng.reporters.JUnitReportReporter -->
<testsuite hostname="LAPTOP-TBO6R3J6" failures="0" tests="1" name="TestScript.UpoadTest" time="1.201" errors="0" timestamp="2024-10-02T14:36:39 IST" skipped="0">
  <testcase classname="TestScript.UpoadTest" name="run1" time="1.201"/>
  <system-out/>
</testsuite> <!-- TestScript.UpoadTest -->
